[ 2017-09-04T10:40:50+08:00 ] 192.168.47.1 /Admin/Login/login.html
SQL: SHOW COLUMNS FROM `wd_admin` [ RunTime:0.0014s ]
SQL: SELECT `id`,`is_lock`,`admin_account` FROM `wd_admin` WHERE `admin_account` = 'admin' AND `admin_password` = 'e10adc3949ba59abbe56e057f20f883e' LIMIT 1   [ RunTime:0.0007s ]
SQL: SHOW COLUMNS FROM `wd_admin_auth_group_access` [ RunTime:0.0013s ]
SQL: SELECT `uid`,`group_id`,`title`,`rules` FROM wd_admin_auth_group_access a INNER JOIN wd_admin_auth_group g on a.group_id=g.id  WHERE ( a.uid='1' and g.status='1' )  [ RunTime:0.0008s ]
SQL: SHOW COLUMNS FROM `wd_admin_auth_rule` [ RunTime:0.0013s ]
SQL: SELECT `condition`,`name` FROM `wd_admin_auth_rule` WHERE `status` = 1 ORDER BY sort DESC  [ RunTime:0.0014s ]
SQL: SHOW COLUMNS FROM `wd_admin` [ RunTime:0.0012s ]
SQL: SELECT * FROM `wd_admin` WHERE `id` = '1' LIMIT 1   [ RunTime:0.0006s ]
SQL: SHOW COLUMNS FROM `wd_admin_auth_rule` [ RunTime:0.0012s ]
SQL: SELECT `name` FROM `wd_admin_auth_rule` WHERE `direct_jump` = 1 ORDER BY sort DESC  [ RunTime:0.0007s ]

[ 2017-09-04T10:40:51+08:00 ] 192.168.47.1 /Admin/User/userList.html
SQL: SHOW COLUMNS FROM `wd_config` [ RunTime:0.0016s ]
SQL: SELECT `config_sign`,`config_value` FROM `wd_config`  [ RunTime:0.0012s ]
SQL: SHOW COLUMNS FROM `wd_admin_auth_group_access` [ RunTime:0.0014s ]
SQL: SELECT `uid`,`group_id`,`title`,`rules` FROM wd_admin_auth_group_access a INNER JOIN wd_admin_auth_group g on a.group_id=g.id  WHERE ( a.uid='1' and g.status='1' )  [ RunTime:0.0010s ]
SQL: SHOW COLUMNS FROM `wd_admin_auth_rule` [ RunTime:0.0014s ]
SQL: SELECT `condition`,`name` FROM `wd_admin_auth_rule` WHERE `status` = 1 ORDER BY sort DESC  [ RunTime:0.0016s ]
SQL: SHOW COLUMNS FROM `wd_admin` [ RunTime:0.0014s ]
SQL: SELECT * FROM `wd_admin` WHERE `id` = '1' LIMIT 1   [ RunTime:0.0008s ]
SQL: SHOW COLUMNS FROM `wd_order` [ RunTime:0.0030s ]
SQL: SHOW COLUMNS FROM `wd_user` [ RunTime:0.0019s ]
SQL: SELECT COUNT(*) AS tp_count FROM `wd_user` LIMIT 1   [ RunTime:0.0007s ]
SQL: SELECT * FROM `wd_user` LIMIT 0,25   [ RunTime:0.0022s ]
SQL: SELECT COUNT(*) AS tp_count FROM `wd_order` WHERE `user_id` = '4' LIMIT 1   [ RunTime:0.0008s ]
SQL: SELECT COUNT(*) AS tp_count FROM `wd_order` WHERE `user_id` = '5' LIMIT 1   [ RunTime:0.0008s ]
SQL: SELECT COUNT(*) AS tp_count FROM `wd_order` WHERE `user_id` = '6' LIMIT 1   [ RunTime:0.0008s ]
SQL: SELECT COUNT(*) AS tp_count FROM `wd_order` WHERE `user_id` = '7' LIMIT 1   [ RunTime:0.0009s ]
SQL: SELECT COUNT(*) AS tp_count FROM `wd_order` WHERE `user_id` = '8' LIMIT 1   [ RunTime:0.0008s ]
SQL: SELECT COUNT(*) AS tp_count FROM `wd_order` WHERE `user_id` = '9' LIMIT 1   [ RunTime:0.0008s ]
SQL: SELECT COUNT(*) AS tp_count FROM `wd_order` WHERE `user_id` = '10' LIMIT 1   [ RunTime:0.0008s ]
SQL: SELECT COUNT(*) AS tp_count FROM `wd_order` WHERE `user_id` = '11' LIMIT 1   [ RunTime:0.0008s ]
SQL: SELECT COUNT(*) AS tp_count FROM `wd_order` WHERE `user_id` = '12' LIMIT 1   [ RunTime:0.0008s ]
SQL: SELECT COUNT(*) AS tp_count FROM `wd_order` WHERE `user_id` = '13' LIMIT 1   [ RunTime:0.0008s ]
SQL: SELECT COUNT(*) AS tp_count FROM `wd_order` WHERE `user_id` = '14' LIMIT 1   [ RunTime:0.0008s ]
SQL: SELECT COUNT(*) AS tp_count FROM `wd_order` WHERE `user_id` = '15' LIMIT 1   [ RunTime:0.0008s ]
SQL: SELECT COUNT(*) AS tp_count FROM `wd_order` WHERE `user_id` = '16' LIMIT 1   [ RunTime:0.0009s ]
SQL: SELECT COUNT(*) AS tp_count FROM `wd_order` WHERE `user_id` = '17' LIMIT 1   [ RunTime:0.0009s ]
SQL: SELECT COUNT(*) AS tp_count FROM `wd_order` WHERE `user_id` = '19' LIMIT 1   [ RunTime:0.0010s ]
SQL: SELECT COUNT(*) AS tp_count FROM `wd_order` WHERE `user_id` = '22' LIMIT 1   [ RunTime:0.0008s ]
SQL: SELECT COUNT(*) AS tp_count FROM `wd_order` WHERE `user_id` = '24' LIMIT 1   [ RunTime:0.0008s ]
SQL: SELECT COUNT(*) AS tp_count FROM `wd_order` WHERE `user_id` = '25' LIMIT 1   [ RunTime:0.0009s ]
SQL: SELECT COUNT(*) AS tp_count FROM `wd_order` WHERE `user_id` = '27' LIMIT 1   [ RunTime:0.0009s ]
SQL: SELECT COUNT(*) AS tp_count FROM `wd_order` WHERE `user_id` = '28' LIMIT 1   [ RunTime:0.0009s ]
SQL: SELECT COUNT(*) AS tp_count FROM `wd_order` WHERE `user_id` = '29' LIMIT 1   [ RunTime:0.0009s ]
SQL: SELECT COUNT(*) AS tp_count FROM `wd_order` WHERE `user_id` = '30' LIMIT 1   [ RunTime:0.0009s ]
SQL: SELECT COUNT(*) AS tp_count FROM `wd_order` WHERE `user_id` = '31' LIMIT 1   [ RunTime:0.0008s ]
SQL: SELECT COUNT(*) AS tp_count FROM `wd_order` WHERE `user_id` = '32' LIMIT 1   [ RunTime:0.0008s ]
SQL: SELECT COUNT(*) AS tp_count FROM `wd_order` WHERE `user_id` = '34' LIMIT 1   [ RunTime:0.0008s ]

[ 2017-09-04T10:49:18+08:00 ] 192.168.47.1 /Admin/User/userList.html
SQL: SHOW COLUMNS FROM `wd_config` [ RunTime:0.0014s ]
SQL: SELECT `config_sign`,`config_value` FROM `wd_config`  [ RunTime:0.0008s ]
SQL: SHOW COLUMNS FROM `wd_admin_auth_group_access` [ RunTime:0.0011s ]
SQL: SELECT `uid`,`group_id`,`title`,`rules` FROM wd_admin_auth_group_access a INNER JOIN wd_admin_auth_group g on a.group_id=g.id  WHERE ( a.uid='1' and g.status='1' )  [ RunTime:0.0008s ]
SQL: SHOW COLUMNS FROM `wd_admin_auth_rule` [ RunTime:0.0012s ]
SQL: SELECT `condition`,`name` FROM `wd_admin_auth_rule` WHERE `status` = 1 ORDER BY sort DESC  [ RunTime:0.0015s ]
SQL: SHOW COLUMNS FROM `wd_admin` [ RunTime:0.0012s ]
SQL: SELECT * FROM `wd_admin` WHERE `id` = '1' LIMIT 1   [ RunTime:0.0006s ]
SQL: SHOW COLUMNS FROM `wd_order` [ RunTime:0.0027s ]
SQL: SHOW COLUMNS FROM `wd_user` [ RunTime:0.0017s ]
SQL: SELECT COUNT(*) AS tp_count FROM `wd_user` LIMIT 1   [ RunTime:0.0005s ]
SQL: SELECT * FROM `wd_user` LIMIT 0,25   [ RunTime:0.0016s ]
SQL: SELECT COUNT(*) AS tp_count FROM `wd_order` WHERE `user_id` = '4' LIMIT 1   [ RunTime:0.0005s ]
SQL: SELECT COUNT(*) AS tp_count FROM `wd_order` WHERE `user_id` = '5' LIMIT 1   [ RunTime:0.0005s ]
SQL: SELECT COUNT(*) AS tp_count FROM `wd_order` WHERE `user_id` = '6' LIMIT 1   [ RunTime:0.0005s ]
SQL: SELECT COUNT(*) AS tp_count FROM `wd_order` WHERE `user_id` = '7' LIMIT 1   [ RunTime:0.0005s ]
SQL: SELECT COUNT(*) AS tp_count FROM `wd_order` WHERE `user_id` = '8' LIMIT 1   [ RunTime:0.0006s ]
SQL: SELECT COUNT(*) AS tp_count FROM `wd_order` WHERE `user_id` = '9' LIMIT 1   [ RunTime:0.0010s ]
SQL: SELECT COUNT(*) AS tp_count FROM `wd_order` WHERE `user_id` = '10' LIMIT 1   [ RunTime:0.0006s ]
SQL: SELECT COUNT(*) AS tp_count FROM `wd_order` WHERE `user_id` = '11' LIMIT 1   [ RunTime:0.0006s ]
SQL: SELECT COUNT(*) AS tp_count FROM `wd_order` WHERE `user_id` = '12' LIMIT 1   [ RunTime:0.0006s ]
SQL: SELECT COUNT(*) AS tp_count FROM `wd_order` WHERE `user_id` = '13' LIMIT 1   [ RunTime:0.0011s ]
SQL: SELECT COUNT(*) AS tp_count FROM `wd_order` WHERE `user_id` = '14' LIMIT 1   [ RunTime:0.0006s ]
SQL: SELECT COUNT(*) AS tp_count FROM `wd_order` WHERE `user_id` = '15' LIMIT 1   [ RunTime:0.0008s ]
SQL: SELECT COUNT(*) AS tp_count FROM `wd_order` WHERE `user_id` = '16' LIMIT 1   [ RunTime:0.0010s ]
SQL: SELECT COUNT(*) AS tp_count FROM `wd_order` WHERE `user_id` = '17' LIMIT 1   [ RunTime:0.0009s ]
SQL: SELECT COUNT(*) AS tp_count FROM `wd_order` WHERE `user_id` = '19' LIMIT 1   [ RunTime:0.0007s ]
SQL: SELECT COUNT(*) AS tp_count FROM `wd_order` WHERE `user_id` = '22' LIMIT 1   [ RunTime:0.0007s ]
SQL: SELECT COUNT(*) AS tp_count FROM `wd_order` WHERE `user_id` = '24' LIMIT 1   [ RunTime:0.0006s ]
SQL: SELECT COUNT(*) AS tp_count FROM `wd_order` WHERE `user_id` = '25' LIMIT 1   [ RunTime:0.0006s ]
SQL: SELECT COUNT(*) AS tp_count FROM `wd_order` WHERE `user_id` = '27' LIMIT 1   [ RunTime:0.0006s ]
SQL: SELECT COUNT(*) AS tp_count FROM `wd_order` WHERE `user_id` = '28' LIMIT 1   [ RunTime:0.0006s ]
SQL: SELECT COUNT(*) AS tp_count FROM `wd_order` WHERE `user_id` = '29' LIMIT 1   [ RunTime:0.0008s ]
SQL: SELECT COUNT(*) AS tp_count FROM `wd_order` WHERE `user_id` = '30' LIMIT 1   [ RunTime:0.0007s ]
SQL: SELECT COUNT(*) AS tp_count FROM `wd_order` WHERE `user_id` = '31' LIMIT 1   [ RunTime:0.0006s ]
SQL: SELECT COUNT(*) AS tp_count FROM `wd_order` WHERE `user_id` = '32' LIMIT 1   [ RunTime:0.0006s ]
SQL: SELECT COUNT(*) AS tp_count FROM `wd_order` WHERE `user_id` = '34' LIMIT 1   [ RunTime:0.0005s ]

[ 2017-09-04T10:50:43+08:00 ] 192.168.47.1 /Admin/User/userList.html
SQL: SHOW COLUMNS FROM `wd_config` [ RunTime:0.0013s ]
SQL: SELECT `config_sign`,`config_value` FROM `wd_config`  [ RunTime:0.0009s ]
SQL: SHOW COLUMNS FROM `wd_admin_auth_group_access` [ RunTime:0.0012s ]
SQL: SELECT `uid`,`group_id`,`title`,`rules` FROM wd_admin_auth_group_access a INNER JOIN wd_admin_auth_group g on a.group_id=g.id  WHERE ( a.uid='1' and g.status='1' )  [ RunTime:0.0009s ]
SQL: SHOW COLUMNS FROM `wd_admin_auth_rule` [ RunTime:0.0017s ]
SQL: SELECT `condition`,`name` FROM `wd_admin_auth_rule` WHERE `status` = 1 ORDER BY sort DESC  [ RunTime:0.0016s ]
SQL: SHOW COLUMNS FROM `wd_admin` [ RunTime:0.0020s ]
SQL: SELECT * FROM `wd_admin` WHERE `id` = '1' LIMIT 1   [ RunTime:0.0015s ]
SQL: SHOW COLUMNS FROM `wd_order` [ RunTime:0.0032s ]
SQL: SHOW COLUMNS FROM `wd_user` [ RunTime:0.0020s ]
SQL: SELECT COUNT(*) AS tp_count FROM `wd_user` LIMIT 1   [ RunTime:0.0007s ]
SQL: SELECT * FROM `wd_user` LIMIT 0,25   [ RunTime:0.0019s ]
SQL: SELECT COUNT(*) AS tp_count FROM `wd_order` WHERE `user_id` = '4' LIMIT 1   [ RunTime:0.0007s ]
SQL: SELECT COUNT(*) AS tp_count FROM `wd_order` WHERE `user_id` = '5' LIMIT 1   [ RunTime:0.0006s ]
SQL: SELECT COUNT(*) AS tp_count FROM `wd_order` WHERE `user_id` = '6' LIMIT 1   [ RunTime:0.0006s ]
SQL: SELECT COUNT(*) AS tp_count FROM `wd_order` WHERE `user_id` = '7' LIMIT 1   [ RunTime:0.0006s ]
SQL: SELECT COUNT(*) AS tp_count FROM `wd_order` WHERE `user_id` = '8' LIMIT 1   [ RunTime:0.0007s ]
SQL: SELECT COUNT(*) AS tp_count FROM `wd_order` WHERE `user_id` = '9' LIMIT 1   [ RunTime:0.0006s ]
SQL: SELECT COUNT(*) AS tp_count FROM `wd_order` WHERE `user_id` = '10' LIMIT 1   [ RunTime:0.0006s ]
SQL: SELECT COUNT(*) AS tp_count FROM `wd_order` WHERE `user_id` = '11' LIMIT 1   [ RunTime:0.0005s ]
SQL: SELECT COUNT(*) AS tp_count FROM `wd_order` WHERE `user_id` = '12' LIMIT 1   [ RunTime:0.0006s ]
SQL: SELECT COUNT(*) AS tp_count FROM `wd_order` WHERE `user_id` = '13' LIMIT 1   [ RunTime:0.0018s ]
SQL: SELECT COUNT(*) AS tp_count FROM `wd_order` WHERE `user_id` = '14' LIMIT 1   [ RunTime:0.0011s ]
SQL: SELECT COUNT(*) AS tp_count FROM `wd_order` WHERE `user_id` = '15' LIMIT 1   [ RunTime:0.0008s ]
SQL: SELECT COUNT(*) AS tp_count FROM `wd_order` WHERE `user_id` = '16' LIMIT 1   [ RunTime:0.0008s ]
SQL: SELECT COUNT(*) AS tp_count FROM `wd_order` WHERE `user_id` = '17' LIMIT 1   [ RunTime:0.0007s ]
SQL: SELECT COUNT(*) AS tp_count FROM `wd_order` WHERE `user_id` = '19' LIMIT 1   [ RunTime:0.0008s ]
SQL: SELECT COUNT(*) AS tp_count FROM `wd_order` WHERE `user_id` = '22' LIMIT 1   [ RunTime:0.0025s ]
SQL: SELECT COUNT(*) AS tp_count FROM `wd_order` WHERE `user_id` = '24' LIMIT 1   [ RunTime:0.0006s ]
SQL: SELECT COUNT(*) AS tp_count FROM `wd_order` WHERE `user_id` = '25' LIMIT 1   [ RunTime:0.0006s ]
SQL: SELECT COUNT(*) AS tp_count FROM `wd_order` WHERE `user_id` = '27' LIMIT 1   [ RunTime:0.0006s ]
SQL: SELECT COUNT(*) AS tp_count FROM `wd_order` WHERE `user_id` = '28' LIMIT 1   [ RunTime:0.0007s ]
SQL: SELECT COUNT(*) AS tp_count FROM `wd_order` WHERE `user_id` = '29' LIMIT 1   [ RunTime:0.0013s ]
SQL: SELECT COUNT(*) AS tp_count FROM `wd_order` WHERE `user_id` = '30' LIMIT 1   [ RunTime:0.0007s ]
SQL: SELECT COUNT(*) AS tp_count FROM `wd_order` WHERE `user_id` = '31' LIMIT 1   [ RunTime:0.0006s ]
SQL: SELECT COUNT(*) AS tp_count FROM `wd_order` WHERE `user_id` = '32' LIMIT 1   [ RunTime:0.0006s ]
SQL: SELECT COUNT(*) AS tp_count FROM `wd_order` WHERE `user_id` = '34' LIMIT 1   [ RunTime:0.0005s ]

[ 2017-09-04T10:51:03+08:00 ] 192.168.47.1 /Admin/User/userList.html
SQL: SHOW COLUMNS FROM `wd_config` [ RunTime:0.0013s ]
SQL: SELECT `config_sign`,`config_value` FROM `wd_config`  [ RunTime:0.0008s ]
SQL: SHOW COLUMNS FROM `wd_admin_auth_group_access` [ RunTime:0.0012s ]
SQL: SELECT `uid`,`group_id`,`title`,`rules` FROM wd_admin_auth_group_access a INNER JOIN wd_admin_auth_group g on a.group_id=g.id  WHERE ( a.uid='1' and g.status='1' )  [ RunTime:0.0008s ]
SQL: SHOW COLUMNS FROM `wd_admin_auth_rule` [ RunTime:0.0013s ]
SQL: SELECT `condition`,`name` FROM `wd_admin_auth_rule` WHERE `status` = 1 ORDER BY sort DESC  [ RunTime:0.0017s ]
SQL: SHOW COLUMNS FROM `wd_admin` [ RunTime:0.0014s ]
SQL: SELECT * FROM `wd_admin` WHERE `id` = '1' LIMIT 1   [ RunTime:0.0006s ]
SQL: SHOW COLUMNS FROM `wd_order` [ RunTime:0.0028s ]
SQL: SHOW COLUMNS FROM `wd_user` [ RunTime:0.0018s ]
SQL: SELECT COUNT(*) AS tp_count FROM `wd_user` LIMIT 1   [ RunTime:0.0005s ]
SQL: SELECT * FROM `wd_user` LIMIT 0,25   [ RunTime:0.0017s ]
SQL: SELECT COUNT(*) AS tp_count FROM `wd_order` WHERE `user_id` = '4' LIMIT 1   [ RunTime:0.0006s ]
SQL: SELECT COUNT(*) AS tp_count FROM `wd_order` WHERE `user_id` = '5' LIMIT 1   [ RunTime:0.0006s ]
SQL: SELECT COUNT(*) AS tp_count FROM `wd_order` WHERE `user_id` = '6' LIMIT 1   [ RunTime:0.0006s ]
SQL: SELECT COUNT(*) AS tp_count FROM `wd_order` WHERE `user_id` = '7' LIMIT 1   [ RunTime:0.0006s ]
SQL: SELECT COUNT(*) AS tp_count FROM `wd_order` WHERE `user_id` = '8' LIMIT 1   [ RunTime:0.0006s ]
SQL: SELECT COUNT(*) AS tp_count FROM `wd_order` WHERE `user_id` = '9' LIMIT 1   [ RunTime:0.0006s ]
SQL: SELECT COUNT(*) AS tp_count FROM `wd_order` WHERE `user_id` = '10' LIMIT 1   [ RunTime:0.0006s ]
SQL: SELECT COUNT(*) AS tp_count FROM `wd_order` WHERE `user_id` = '11' LIMIT 1   [ RunTime:0.0007s ]
SQL: SELECT COUNT(*) AS tp_count FROM `wd_order` WHERE `user_id` = '12' LIMIT 1   [ RunTime:0.0007s ]
SQL: SELECT COUNT(*) AS tp_count FROM `wd_order` WHERE `user_id` = '13' LIMIT 1   [ RunTime:0.0006s ]
SQL: SELECT COUNT(*) AS tp_count FROM `wd_order` WHERE `user_id` = '14' LIMIT 1   [ RunTime:0.0007s ]
SQL: SELECT COUNT(*) AS tp_count FROM `wd_order` WHERE `user_id` = '15' LIMIT 1   [ RunTime:0.0005s ]
SQL: SELECT COUNT(*) AS tp_count FROM `wd_order` WHERE `user_id` = '16' LIMIT 1   [ RunTime:0.0006s ]
SQL: SELECT COUNT(*) AS tp_count FROM `wd_order` WHERE `user_id` = '17' LIMIT 1   [ RunTime:0.0006s ]
SQL: SELECT COUNT(*) AS tp_count FROM `wd_order` WHERE `user_id` = '19' LIMIT 1   [ RunTime:0.0005s ]
SQL: SELECT COUNT(*) AS tp_count FROM `wd_order` WHERE `user_id` = '22' LIMIT 1   [ RunTime:0.0006s ]
SQL: SELECT COUNT(*) AS tp_count FROM `wd_order` WHERE `user_id` = '24' LIMIT 1   [ RunTime:0.0006s ]
SQL: SELECT COUNT(*) AS tp_count FROM `wd_order` WHERE `user_id` = '25' LIMIT 1   [ RunTime:0.0006s ]
SQL: SELECT COUNT(*) AS tp_count FROM `wd_order` WHERE `user_id` = '27' LIMIT 1   [ RunTime:0.0006s ]
SQL: SELECT COUNT(*) AS tp_count FROM `wd_order` WHERE `user_id` = '28' LIMIT 1   [ RunTime:0.0006s ]
SQL: SELECT COUNT(*) AS tp_count FROM `wd_order` WHERE `user_id` = '29' LIMIT 1   [ RunTime:0.0006s ]
SQL: SELECT COUNT(*) AS tp_count FROM `wd_order` WHERE `user_id` = '30' LIMIT 1   [ RunTime:0.0007s ]
SQL: SELECT COUNT(*) AS tp_count FROM `wd_order` WHERE `user_id` = '31' LIMIT 1   [ RunTime:0.0008s ]
SQL: SELECT COUNT(*) AS tp_count FROM `wd_order` WHERE `user_id` = '32' LIMIT 1   [ RunTime:0.0008s ]
SQL: SELECT COUNT(*) AS tp_count FROM `wd_order` WHERE `user_id` = '34' LIMIT 1   [ RunTime:0.0010s ]

