[ 2018-01-04T17:55:28+08:00 ] 192.168.47.1 /Admin
SQL: SHOW COLUMNS FROM `wd_admin` [ RunTime:0.0014s ]
SQL: SELECT `id`,`is_lock`,`admin_account` FROM `wd_admin` WHERE `admin_account` = 'admin' AND `admin_password` = 'e10adc3949ba59abbe56e057f20f883e' LIMIT 1   [ RunTime:0.0008s ]
SQL: SHOW COLUMNS FROM `wd_admin_auth_group_access` [ RunTime:0.0013s ]
SQL: SELECT `uid`,`group_id`,`title`,`rules` FROM wd_admin_auth_group_access a INNER JOIN wd_admin_auth_group g on a.group_id=g.id  WHERE ( a.uid='1' and g.status='1' )  [ RunTime:0.0009s ]
SQL: SHOW COLUMNS FROM `wd_admin_auth_rule` [ RunTime:0.0013s ]
SQL: SELECT `condition`,`name` FROM `wd_admin_auth_rule` WHERE `status` = 1 ORDER BY sort DESC  [ RunTime:0.0016s ]
SQL: SHOW COLUMNS FROM `wd_admin` [ RunTime:0.0025s ]
SQL: SELECT * FROM `wd_admin` WHERE `id` = '1' LIMIT 1   [ RunTime:0.0015s ]
SQL: SHOW COLUMNS FROM `wd_admin_auth_rule` [ RunTime:0.0016s ]
SQL: SELECT `name` FROM `wd_admin_auth_rule` WHERE `direct_jump` = 1 ORDER BY sort DESC  [ RunTime:0.0011s ]

[ 2018-01-04T17:55:29+08:00 ] 192.168.47.1 /Admin/User/userList.html
SQL: SHOW COLUMNS FROM `wd_config` [ RunTime:0.0014s ]
SQL: SELECT `config_sign`,`config_value` FROM `wd_config`  [ RunTime:0.0010s ]
SQL: SHOW COLUMNS FROM `wd_admin_auth_group_access` [ RunTime:0.0029s ]
SQL: SELECT `uid`,`group_id`,`title`,`rules` FROM wd_admin_auth_group_access a INNER JOIN wd_admin_auth_group g on a.group_id=g.id  WHERE ( a.uid='1' and g.status='1' )  [ RunTime:0.0009s ]
SQL: SHOW COLUMNS FROM `wd_admin_auth_rule` [ RunTime:0.0012s ]
SQL: SELECT `condition`,`name` FROM `wd_admin_auth_rule` WHERE `status` = 1 ORDER BY sort DESC  [ RunTime:0.0015s ]
SQL: SHOW COLUMNS FROM `wd_admin` [ RunTime:0.0024s ]
SQL: SELECT * FROM `wd_admin` WHERE `id` = '1' LIMIT 1   [ RunTime:0.0007s ]
SQL: SHOW COLUMNS FROM `wd_order` [ RunTime:0.0050s ]
SQL: SHOW COLUMNS FROM `wd_user` [ RunTime:0.0019s ]
SQL: SELECT COUNT(*) AS tp_count FROM `wd_user` LIMIT 1   [ RunTime:0.0006s ]
SQL: SELECT * FROM `wd_user` ORDER BY `id` DESC LIMIT 0,25   [ RunTime:0.0019s ]

[ 2018-01-04T17:55:40+08:00 ] 192.168.47.1 /Admin/User/agentList.html
SQL: SHOW COLUMNS FROM `wd_config` [ RunTime:0.0013s ]
SQL: SELECT `config_sign`,`config_value` FROM `wd_config`  [ RunTime:0.0009s ]
SQL: SHOW COLUMNS FROM `wd_admin_auth_group_access` [ RunTime:0.0012s ]
SQL: SELECT `uid`,`group_id`,`title`,`rules` FROM wd_admin_auth_group_access a INNER JOIN wd_admin_auth_group g on a.group_id=g.id  WHERE ( a.uid='1' and g.status='1' )  [ RunTime:0.0008s ]
SQL: SHOW COLUMNS FROM `wd_admin_auth_rule` [ RunTime:0.0013s ]
SQL: SELECT `condition`,`name` FROM `wd_admin_auth_rule` WHERE `status` = 1 ORDER BY sort DESC  [ RunTime:0.0016s ]
SQL: SHOW COLUMNS FROM `wd_admin` [ RunTime:0.0012s ]
SQL: SELECT * FROM `wd_admin` WHERE `id` = '1' LIMIT 1   [ RunTime:0.0006s ]
SQL: SHOW COLUMNS FROM `wd_agent_category` [ RunTime:0.0014s ]
SQL: SHOW COLUMNS FROM `wd_agent_category_relevance` [ RunTime:0.0011s ]
SQL: SELECT count(*) AS `count`
                FROM `wd_agent` AS `a` 
                LEFT JOIN `wd_user` AS `u` ON `u`.`id` = `a`.`user_id` 
                WHERE 1 [ RunTime:0.0008s ]
SQL: SELECT `a`.`id`, `a`.`is_on_sale`, `a`.`agent_name`, `a`.`address`, `a`.`manager`, `a`.`goods_number`, `u`.`username`, `u`.`order_number`, `u`.`add_time`,`u`.`last_login_time` 
                FROM `wd_agent` AS `a`  
                LEFT JOIN `wd_user` AS `u` ON `u`.`id` = `a`.`user_id`
                WHERE 1 
                ORDER BY `a`.`id` DESC 
                LIMIT 0, 25 [ RunTime:0.0014s ]
SQL: SELECT * FROM `wd_agent_category_relevance` WHERE `agent_id` = '40'  [ RunTime:0.0006s ]
SQL: SELECT `category_name` FROM `wd_agent_category` WHERE `id` IN ('7','8','6')  [ RunTime:0.0006s ]
SQL: SELECT * FROM `wd_agent_category_relevance` WHERE `agent_id` = '39'  [ RunTime:0.0008s ]
SQL: SELECT `category_name` FROM `wd_agent_category` WHERE `id` IN ('7','6','8')  [ RunTime:0.0006s ]
SQL: SELECT * FROM `wd_agent_category_relevance` WHERE `agent_id` = '38'  [ RunTime:0.0006s ]
SQL: SELECT `category_name` FROM `wd_agent_category` WHERE `id` IN ('7','8','6')  [ RunTime:0.0006s ]
SQL: SELECT * FROM `wd_agent_category_relevance` WHERE `agent_id` = '37'  [ RunTime:0.0009s ]
SQL: SELECT `category_name` FROM `wd_agent_category` WHERE `id` IN ('6','22','24')  [ RunTime:0.0006s ]
SQL: SELECT * FROM `wd_agent_category_relevance` WHERE `agent_id` = '36'  [ RunTime:0.0017s ]
SQL: SELECT `category_name` FROM `wd_agent_category` WHERE `id` IN ('0','0','0')  [ RunTime:0.0010s ]
SQL: SELECT * FROM `wd_agent_category_relevance` WHERE `agent_id` = '35'  [ RunTime:0.0007s ]
SQL: SELECT `category_name` FROM `wd_agent_category` WHERE `id` IN ('0','0','0')  [ RunTime:0.0006s ]
SQL: SELECT * FROM `wd_agent_category_relevance` WHERE `agent_id` = '34'  [ RunTime:0.0006s ]
SQL: SELECT `category_name` FROM `wd_agent_category` WHERE `id` IN ('0','0','0')  [ RunTime:0.0006s ]
SQL: SELECT * FROM `wd_agent_category_relevance` WHERE `agent_id` = '33'  [ RunTime:0.0006s ]
SQL: SELECT `category_name` FROM `wd_agent_category` WHERE `id` IN ('0','0','0')  [ RunTime:0.0005s ]
SQL: SELECT * FROM `wd_agent_category_relevance` WHERE `agent_id` = '32'  [ RunTime:0.0005s ]
SQL: SELECT `category_name` FROM `wd_agent_category` WHERE `id` IN ('24','22','23')  [ RunTime:0.0005s ]
SQL: SELECT * FROM `wd_agent_category_relevance` WHERE `agent_id` = '31'  [ RunTime:0.0005s ]
SQL: SELECT * FROM `wd_agent_category_relevance` WHERE `agent_id` = '30'  [ RunTime:0.0006s ]
SQL: SELECT * FROM `wd_agent_category_relevance` WHERE `agent_id` = '29'  [ RunTime:0.0005s ]
SQL: SELECT * FROM `wd_agent_category_relevance` WHERE `agent_id` = '28'  [ RunTime:0.0005s ]
SQL: SELECT * FROM `wd_agent_category_relevance` WHERE `agent_id` = '27'  [ RunTime:0.0004s ]
SQL: SELECT * FROM `wd_agent_category_relevance` WHERE `agent_id` = '26'  [ RunTime:0.0005s ]
SQL: SELECT * FROM `wd_agent_category_relevance` WHERE `agent_id` = '25'  [ RunTime:0.0005s ]
SQL: SELECT * FROM `wd_agent_category_relevance` WHERE `agent_id` = '24'  [ RunTime:0.0005s ]
SQL: SELECT * FROM `wd_agent_category_relevance` WHERE `agent_id` = '23'  [ RunTime:0.0010s ]
SQL: SELECT * FROM `wd_agent_category_relevance` WHERE `agent_id` = '22'  [ RunTime:0.0006s ]
SQL: SELECT * FROM `wd_agent_category_relevance` WHERE `agent_id` = '21'  [ RunTime:0.0005s ]
SQL: SELECT * FROM `wd_agent_category_relevance` WHERE `agent_id` = '20'  [ RunTime:0.0008s ]
SQL: SELECT * FROM `wd_agent_category_relevance` WHERE `agent_id` = '19'  [ RunTime:0.0006s ]
SQL: SELECT * FROM `wd_agent_category_relevance` WHERE `agent_id` = '18'  [ RunTime:0.0006s ]
SQL: SELECT * FROM `wd_agent_category_relevance` WHERE `agent_id` = '17'  [ RunTime:0.0005s ]
SQL: SELECT * FROM `wd_agent_category_relevance` WHERE `agent_id` = '16'  [ RunTime:0.0005s ]
SQL: SELECT * FROM `wd_agent_category`  [ RunTime:0.0008s ]

[ 2018-01-04T17:55:43+08:00 ] 192.168.47.1 /Admin/AgentCategory/agentCategory.html
SQL: SHOW COLUMNS FROM `wd_config` [ RunTime:0.0021s ]
SQL: SELECT `config_sign`,`config_value` FROM `wd_config`  [ RunTime:0.0009s ]
SQL: SHOW COLUMNS FROM `wd_admin_auth_group_access` [ RunTime:0.0012s ]
SQL: SELECT `uid`,`group_id`,`title`,`rules` FROM wd_admin_auth_group_access a INNER JOIN wd_admin_auth_group g on a.group_id=g.id  WHERE ( a.uid='1' and g.status='1' )  [ RunTime:0.0009s ]
SQL: SHOW COLUMNS FROM `wd_admin_auth_rule` [ RunTime:0.0013s ]
SQL: SELECT `condition`,`name` FROM `wd_admin_auth_rule` WHERE `status` = 1 ORDER BY sort DESC  [ RunTime:0.0016s ]
SQL: SHOW COLUMNS FROM `wd_admin` [ RunTime:0.0013s ]
SQL: SELECT * FROM `wd_admin` WHERE `id` = '1' LIMIT 1   [ RunTime:0.0006s ]
SQL: SHOW COLUMNS FROM `wd_agent_category_relevance` [ RunTime:0.0011s ]
SQL: SHOW COLUMNS FROM `wd_agent_category` [ RunTime:0.0014s ]
SQL: SELECT COUNT(*) AS tp_count FROM `wd_agent_category` LIMIT 1   [ RunTime:0.0005s ]
SQL: SELECT `id`,`category_name`,`app_icon`,`pid`,`sort` FROM `wd_agent_category` LIMIT 0,25   [ RunTime:0.0012s ]
SQL: SELECT COUNT(*) AS tp_count FROM `wd_agent_category_relevance` WHERE `category_id` = 6 LIMIT 1   [ RunTime:0.0018s ]
SQL: SELECT COUNT(*) AS tp_count FROM `wd_agent_category_relevance` WHERE `category_id` = 7 LIMIT 1   [ RunTime:0.0010s ]
SQL: SELECT COUNT(*) AS tp_count FROM `wd_agent_category_relevance` WHERE `category_id` = 8 LIMIT 1   [ RunTime:0.0006s ]
SQL: SELECT COUNT(*) AS tp_count FROM `wd_agent_category_relevance` WHERE `category_id` = 9 LIMIT 1   [ RunTime:0.0008s ]
SQL: SELECT COUNT(*) AS tp_count FROM `wd_agent_category_relevance` WHERE `category_id` = 22 LIMIT 1   [ RunTime:0.0005s ]
SQL: SELECT COUNT(*) AS tp_count FROM `wd_agent_category_relevance` WHERE `category_id` = 23 LIMIT 1   [ RunTime:0.0005s ]
SQL: SELECT COUNT(*) AS tp_count FROM `wd_agent_category_relevance` WHERE `category_id` = 24 LIMIT 1   [ RunTime:0.0005s ]
SQL: SELECT COUNT(*) AS tp_count FROM `wd_agent_category_relevance` WHERE `category_id` = 27 LIMIT 1   [ RunTime:0.0006s ]
SQL: SELECT COUNT(*) AS tp_count FROM `wd_agent_category_relevance` WHERE `category_id` = 29 LIMIT 1   [ RunTime:0.0005s ]

[ 2018-01-04T17:55:49+08:00 ] 192.168.47.1 /Admin/Order/orderList.html
SQL: SHOW COLUMNS FROM `wd_config` [ RunTime:0.0016s ]
SQL: SELECT `config_sign`,`config_value` FROM `wd_config`  [ RunTime:0.0008s ]
SQL: SHOW COLUMNS FROM `wd_admin_auth_group_access` [ RunTime:0.0013s ]
SQL: SELECT `uid`,`group_id`,`title`,`rules` FROM wd_admin_auth_group_access a INNER JOIN wd_admin_auth_group g on a.group_id=g.id  WHERE ( a.uid='1' and g.status='1' )  [ RunTime:0.0009s ]
SQL: SHOW COLUMNS FROM `wd_admin_auth_rule` [ RunTime:0.0013s ]
SQL: SELECT `condition`,`name` FROM `wd_admin_auth_rule` WHERE `status` = 1 ORDER BY sort DESC  [ RunTime:0.0016s ]
SQL: SHOW COLUMNS FROM `wd_admin` [ RunTime:0.0014s ]
SQL: SELECT * FROM `wd_admin` WHERE `id` = '1' LIMIT 1   [ RunTime:0.0012s ]
SQL: SHOW COLUMNS FROM `wd_order_detail` [ RunTime:0.0015s ]
SQL: SELECT count(*) AS `count` 
                FROM `wd_order_detail` AS `od`
                LEFT JOIN `wd_order` AS `o` ON `o`.`order_sn` = `od`.`order_sn`
                LEFT JOIN `wd_agent` AS `a` ON `a`.`id` = `o`.`agent_id`
                    
                    WHERE 1  [ RunTime:0.0258s ]
SQL: SELECT `od`.*,
               `a`.`agent_name`,`o`.`status`,`o`.`express_type`,`o`.`is_out_date`,`o`.`is_comment`,`o`.`is_pay`,`o`.`delivery_status`,`o`.`received`,`o`.`is_remind`
                FROM `wd_order_detail` AS `od`
                LEFT JOIN `wd_order` AS `o` ON `o`.`order_sn` = `od`.`order_sn`
                LEFT JOIN `wd_agent` AS `a` ON `a`.`id` = `o`.`agent_id`
                 
                WHERE 1 
                ORDER BY `od`.`id` DESC 
                LIMIT 0, 25 [ RunTime:0.0323s ]
SQL: SHOW COLUMNS FROM `wd_user` [ RunTime:0.0020s ]
SQL: SELECT `nickname` FROM `wd_user` WHERE `id` = null LIMIT 1   [ RunTime:0.0010s ]
SQL: SELECT `nickname` FROM `wd_user` WHERE `id` = null LIMIT 1   [ RunTime:0.0008s ]
SQL: SELECT `nickname` FROM `wd_user` WHERE `id` = null LIMIT 1   [ RunTime:0.0007s ]
SQL: SELECT `nickname` FROM `wd_user` WHERE `id` = null LIMIT 1   [ RunTime:0.0007s ]
SQL: SELECT `nickname` FROM `wd_user` WHERE `id` = null LIMIT 1   [ RunTime:0.0007s ]
SQL: SELECT `nickname` FROM `wd_user` WHERE `id` = null LIMIT 1   [ RunTime:0.0007s ]
SQL: SELECT `nickname` FROM `wd_user` WHERE `id` = null LIMIT 1   [ RunTime:0.0007s ]
SQL: SELECT `nickname` FROM `wd_user` WHERE `id` = null LIMIT 1   [ RunTime:0.0007s ]
SQL: SELECT `nickname` FROM `wd_user` WHERE `id` = null LIMIT 1   [ RunTime:0.0006s ]
SQL: SELECT `nickname` FROM `wd_user` WHERE `id` = null LIMIT 1   [ RunTime:0.0007s ]
SQL: SELECT `nickname` FROM `wd_user` WHERE `id` = null LIMIT 1   [ RunTime:0.0007s ]
SQL: SELECT `nickname` FROM `wd_user` WHERE `id` = null LIMIT 1   [ RunTime:0.0008s ]
SQL: SELECT `nickname` FROM `wd_user` WHERE `id` = null LIMIT 1   [ RunTime:0.0008s ]
SQL: SELECT `nickname` FROM `wd_user` WHERE `id` = null LIMIT 1   [ RunTime:0.0009s ]
SQL: SELECT `nickname` FROM `wd_user` WHERE `id` = null LIMIT 1   [ RunTime:0.0008s ]
SQL: SELECT `nickname` FROM `wd_user` WHERE `id` = null LIMIT 1   [ RunTime:0.0009s ]
SQL: SELECT `nickname` FROM `wd_user` WHERE `id` = null LIMIT 1   [ RunTime:0.0030s ]
SQL: SELECT `nickname` FROM `wd_user` WHERE `id` = null LIMIT 1   [ RunTime:0.0019s ]
SQL: SELECT `nickname` FROM `wd_user` WHERE `id` = null LIMIT 1   [ RunTime:0.0017s ]
SQL: SELECT `nickname` FROM `wd_user` WHERE `id` = null LIMIT 1   [ RunTime:0.0007s ]
SQL: SELECT `nickname` FROM `wd_user` WHERE `id` = null LIMIT 1   [ RunTime:0.0009s ]
SQL: SELECT `nickname` FROM `wd_user` WHERE `id` = null LIMIT 1   [ RunTime:0.0007s ]
SQL: SELECT `nickname` FROM `wd_user` WHERE `id` = null LIMIT 1   [ RunTime:0.0005s ]
SQL: SELECT `nickname` FROM `wd_user` WHERE `id` = null LIMIT 1   [ RunTime:0.0005s ]
SQL: SELECT `nickname` FROM `wd_user` WHERE `id` = null LIMIT 1   [ RunTime:0.0006s ]
SQL: SHOW COLUMNS FROM `wd_region` [ RunTime:0.0016s ]
SQL: SELECT `region_name` FROM `wd_region` WHERE `id` = null LIMIT 1   [ RunTime:0.0007s ]
SQL: SELECT `region_name` FROM `wd_region` WHERE `id` = null LIMIT 1   [ RunTime:0.0006s ]
SQL: SELECT `region_name` FROM `wd_region` WHERE `id` = null LIMIT 1   [ RunTime:0.0006s ]
SQL: SELECT `region_name` FROM `wd_region` WHERE `id` = null LIMIT 1   [ RunTime:0.0006s ]
SQL: SELECT `region_name` FROM `wd_region` WHERE `id` = null LIMIT 1   [ RunTime:0.0006s ]
SQL: SELECT `region_name` FROM `wd_region` WHERE `id` = null LIMIT 1   [ RunTime:0.0005s ]
SQL: SELECT `region_name` FROM `wd_region` WHERE `id` = null LIMIT 1   [ RunTime:0.0006s ]
SQL: SELECT `region_name` FROM `wd_region` WHERE `id` = null LIMIT 1   [ RunTime:0.0005s ]
SQL: SELECT `region_name` FROM `wd_region` WHERE `id` = null LIMIT 1   [ RunTime:0.0004s ]
SQL: SELECT `region_name` FROM `wd_region` WHERE `id` = null LIMIT 1   [ RunTime:0.0022s ]
SQL: SELECT `region_name` FROM `wd_region` WHERE `id` = null LIMIT 1   [ RunTime:0.0016s ]
SQL: SELECT `region_name` FROM `wd_region` WHERE `id` = null LIMIT 1   [ RunTime:0.0007s ]
SQL: SELECT `region_name` FROM `wd_region` WHERE `id` = null LIMIT 1   [ RunTime:0.0011s ]
SQL: SELECT `region_name` FROM `wd_region` WHERE `id` = null LIMIT 1   [ RunTime:0.0008s ]
SQL: SELECT `region_name` FROM `wd_region` WHERE `id` = null LIMIT 1   [ RunTime:0.0007s ]
SQL: SELECT `region_name` FROM `wd_region` WHERE `id` = null LIMIT 1   [ RunTime:0.0006s ]
SQL: SELECT `region_name` FROM `wd_region` WHERE `id` = null LIMIT 1   [ RunTime:0.0006s ]
SQL: SELECT `region_name` FROM `wd_region` WHERE `id` = null LIMIT 1   [ RunTime:0.0005s ]
SQL: SELECT `region_name` FROM `wd_region` WHERE `id` = null LIMIT 1   [ RunTime:0.0006s ]
SQL: SELECT `region_name` FROM `wd_region` WHERE `id` = null LIMIT 1   [ RunTime:0.0005s ]
SQL: SELECT `region_name` FROM `wd_region` WHERE `id` = null LIMIT 1   [ RunTime:0.0005s ]
SQL: SELECT `region_name` FROM `wd_region` WHERE `id` = null LIMIT 1   [ RunTime:0.0005s ]
SQL: SELECT `region_name` FROM `wd_region` WHERE `id` = null LIMIT 1   [ RunTime:0.0005s ]
SQL: SELECT `region_name` FROM `wd_region` WHERE `id` = null LIMIT 1   [ RunTime:0.0006s ]
SQL: SELECT `region_name` FROM `wd_region` WHERE `id` = null LIMIT 1   [ RunTime:0.0005s ]
SQL: SELECT `region_name` FROM `wd_region` WHERE `id` = null LIMIT 1   [ RunTime:0.0013s ]
SQL: SELECT `region_name` FROM `wd_region` WHERE `id` = null LIMIT 1   [ RunTime:0.0006s ]
SQL: SELECT `region_name` FROM `wd_region` WHERE `id` = null LIMIT 1   [ RunTime:0.0005s ]
SQL: SELECT `region_name` FROM `wd_region` WHERE `id` = null LIMIT 1   [ RunTime:0.0005s ]
SQL: SELECT `region_name` FROM `wd_region` WHERE `id` = null LIMIT 1   [ RunTime:0.0005s ]
SQL: SELECT `region_name` FROM `wd_region` WHERE `id` = null LIMIT 1   [ RunTime:0.0005s ]
SQL: SELECT `region_name` FROM `wd_region` WHERE `id` = null LIMIT 1   [ RunTime:0.0005s ]
SQL: SELECT `region_name` FROM `wd_region` WHERE `id` = null LIMIT 1   [ RunTime:0.0005s ]
SQL: SELECT `region_name` FROM `wd_region` WHERE `id` = null LIMIT 1   [ RunTime:0.0004s ]
SQL: SELECT `region_name` FROM `wd_region` WHERE `id` = null LIMIT 1   [ RunTime:0.0004s ]
SQL: SELECT `region_name` FROM `wd_region` WHERE `id` = null LIMIT 1   [ RunTime:0.0004s ]
SQL: SELECT `region_name` FROM `wd_region` WHERE `id` = null LIMIT 1   [ RunTime:0.0004s ]
SQL: SELECT `region_name` FROM `wd_region` WHERE `id` = null LIMIT 1   [ RunTime:0.0004s ]
SQL: SELECT `region_name` FROM `wd_region` WHERE `id` = null LIMIT 1   [ RunTime:0.0005s ]
SQL: SELECT `region_name` FROM `wd_region` WHERE `id` = null LIMIT 1   [ RunTime:0.0004s ]
SQL: SELECT `region_name` FROM `wd_region` WHERE `id` = null LIMIT 1   [ RunTime:0.0005s ]
SQL: SELECT `region_name` FROM `wd_region` WHERE `id` = null LIMIT 1   [ RunTime:0.0005s ]
SQL: SELECT `region_name` FROM `wd_region` WHERE `id` = null LIMIT 1   [ RunTime:0.0004s ]
SQL: SELECT `region_name` FROM `wd_region` WHERE `id` = null LIMIT 1   [ RunTime:0.0005s ]
SQL: SELECT `region_name` FROM `wd_region` WHERE `id` = null LIMIT 1   [ RunTime:0.0005s ]
SQL: SELECT `region_name` FROM `wd_region` WHERE `id` = null LIMIT 1   [ RunTime:0.0005s ]
SQL: SELECT `region_name` FROM `wd_region` WHERE `id` = null LIMIT 1   [ RunTime:0.0004s ]
SQL: SELECT `region_name` FROM `wd_region` WHERE `id` = null LIMIT 1   [ RunTime:0.0004s ]
SQL: SELECT `region_name` FROM `wd_region` WHERE `id` = null LIMIT 1   [ RunTime:0.0005s ]
SQL: SELECT `region_name` FROM `wd_region` WHERE `id` = null LIMIT 1   [ RunTime:0.0010s ]
SQL: SELECT `region_name` FROM `wd_region` WHERE `id` = null LIMIT 1   [ RunTime:0.0021s ]
SQL: SELECT `region_name` FROM `wd_region` WHERE `id` = null LIMIT 1   [ RunTime:0.0007s ]
SQL: SELECT `region_name` FROM `wd_region` WHERE `id` = null LIMIT 1   [ RunTime:0.0006s ]
SQL: SELECT `region_name` FROM `wd_region` WHERE `id` = null LIMIT 1   [ RunTime:0.0006s ]
SQL: SELECT `region_name` FROM `wd_region` WHERE `id` = null LIMIT 1   [ RunTime:0.0005s ]
SQL: SELECT `region_name` FROM `wd_region` WHERE `id` = null LIMIT 1   [ RunTime:0.0006s ]
SQL: SELECT `region_name` FROM `wd_region` WHERE `id` = null LIMIT 1   [ RunTime:0.0006s ]
SQL: SELECT `region_name` FROM `wd_region` WHERE `id` = null LIMIT 1   [ RunTime:0.0006s ]
SQL: SELECT `region_name` FROM `wd_region` WHERE `id` = null LIMIT 1   [ RunTime:0.0005s ]
SQL: SELECT `region_name` FROM `wd_region` WHERE `id` = null LIMIT 1   [ RunTime:0.0005s ]
SQL: SELECT `region_name` FROM `wd_region` WHERE `id` = null LIMIT 1   [ RunTime:0.0005s ]
SQL: SELECT `region_name` FROM `wd_region` WHERE `id` = null LIMIT 1   [ RunTime:0.0005s ]
SQL: SELECT `region_name` FROM `wd_region` WHERE `id` = null LIMIT 1   [ RunTime:0.0005s ]
SQL: SELECT `region_name` FROM `wd_region` WHERE `id` = null LIMIT 1   [ RunTime:0.0005s ]
SQL: SELECT `region_name` FROM `wd_region` WHERE `id` = null LIMIT 1   [ RunTime:0.0004s ]
SQL: SELECT `region_name` FROM `wd_region` WHERE `id` = null LIMIT 1   [ RunTime:0.0004s ]
SQL: SELECT `region_name` FROM `wd_region` WHERE `id` = null LIMIT 1   [ RunTime:0.0004s ]
SQL: SELECT `region_name` FROM `wd_region` WHERE `id` = null LIMIT 1   [ RunTime:0.0004s ]
SQL: SELECT `region_name` FROM `wd_region` WHERE `id` = null LIMIT 1   [ RunTime:0.0004s ]
SQL: SELECT `region_name` FROM `wd_region` WHERE `id` = null LIMIT 1   [ RunTime:0.0004s ]
SQL: SELECT `region_name` FROM `wd_region` WHERE `id` = null LIMIT 1   [ RunTime:0.0004s ]
SQL: SELECT `region_name` FROM `wd_region` WHERE `id` = null LIMIT 1   [ RunTime:0.0004s ]
SQL: SELECT `region_name` FROM `wd_region` WHERE `id` = null LIMIT 1   [ RunTime:0.0004s ]
SQL: SELECT `region_name` FROM `wd_region` WHERE `id` = null LIMIT 1   [ RunTime:0.0005s ]
SQL: SELECT `region_name` FROM `wd_region` WHERE `id` = null LIMIT 1   [ RunTime:0.0004s ]
SQL: SELECT `region_name` FROM `wd_region` WHERE `id` = null LIMIT 1   [ RunTime:0.0004s ]
SQL: SELECT `region_name` FROM `wd_region` WHERE `id` = null LIMIT 1   [ RunTime:0.0004s ]
SQL: SELECT `region_name` FROM `wd_region` WHERE `id` = null LIMIT 1   [ RunTime:0.0005s ]
SQL: SELECT `region_name` FROM `wd_region` WHERE `id` = null LIMIT 1   [ RunTime:0.0005s ]
SQL: SELECT `region_name` FROM `wd_region` WHERE `id` = null LIMIT 1   [ RunTime:0.0004s ]
SQL: SELECT `region_name` FROM `wd_region` WHERE `id` = null LIMIT 1   [ RunTime:0.0005s ]
SQL: SELECT `region_name` FROM `wd_region` WHERE `id` = null LIMIT 1   [ RunTime:0.0005s ]
SQL: SELECT `region_name` FROM `wd_region` WHERE `id` = null LIMIT 1   [ RunTime:0.0004s ]
SQL: SELECT `region_name` FROM `wd_region` WHERE `id` = null LIMIT 1   [ RunTime:0.0004s ]
SQL: SELECT `region_name` FROM `wd_region` WHERE `id` = null LIMIT 1   [ RunTime:0.0005s ]
SQL: SELECT `region_name` FROM `wd_region` WHERE `id` = null LIMIT 1   [ RunTime:0.0004s ]
SQL: SELECT `region_name` FROM `wd_region` WHERE `id` = null LIMIT 1   [ RunTime:0.0004s ]
SQL: SELECT `region_name` FROM `wd_region` WHERE `id` = null LIMIT 1   [ RunTime:0.0004s ]
SQL: SELECT `region_name` FROM `wd_region` WHERE `id` = null LIMIT 1   [ RunTime:0.0004s ]
SQL: SELECT `region_name` FROM `wd_region` WHERE `id` = null LIMIT 1   [ RunTime:0.0004s ]
SQL: SELECT `region_name` FROM `wd_region` WHERE `id` = null LIMIT 1   [ RunTime:0.0004s ]
SQL: SELECT `region_name` FROM `wd_region` WHERE `id` = null LIMIT 1   [ RunTime:0.0004s ]
SQL: SELECT `region_name` FROM `wd_region` WHERE `id` = null LIMIT 1   [ RunTime:0.0005s ]
SQL: SELECT `region_name` FROM `wd_region` WHERE `id` = null LIMIT 1   [ RunTime:0.0006s ]
SQL: SELECT `region_name` FROM `wd_region` WHERE `id` = null LIMIT 1   [ RunTime:0.0005s ]
SQL: SELECT `region_name` FROM `wd_region` WHERE `id` = null LIMIT 1   [ RunTime:0.0004s ]
SQL: SELECT `region_name` FROM `wd_region` WHERE `id` = null LIMIT 1   [ RunTime:0.0005s ]
SQL: SELECT `region_name` FROM `wd_region` WHERE `id` = null LIMIT 1   [ RunTime:0.0005s ]
SQL: SELECT `region_name` FROM `wd_region` WHERE `id` = null LIMIT 1   [ RunTime:0.0006s ]
SQL: SELECT `region_name` FROM `wd_region` WHERE `id` = null LIMIT 1   [ RunTime:0.0023s ]
SQL: SELECT `region_name` FROM `wd_region` WHERE `id` = null LIMIT 1   [ RunTime:0.0011s ]
SQL: SELECT `region_name` FROM `wd_region` WHERE `id` = null LIMIT 1   [ RunTime:0.0008s ]
SQL: SELECT `region_name` FROM `wd_region` WHERE `id` = null LIMIT 1   [ RunTime:0.0007s ]
SQL: SELECT `region_name` FROM `wd_region` WHERE `id` = null LIMIT 1   [ RunTime:0.0008s ]
SQL: SELECT `region_name` FROM `wd_region` WHERE `id` = null LIMIT 1   [ RunTime:0.0007s ]
SQL: SELECT `region_name` FROM `wd_region` WHERE `id` = null LIMIT 1   [ RunTime:0.0006s ]
SQL: SELECT `region_name` FROM `wd_region` WHERE `id` = null LIMIT 1   [ RunTime:0.0005s ]
SQL: SELECT `region_name` FROM `wd_region` WHERE `id` = null LIMIT 1   [ RunTime:0.0006s ]
SQL: SELECT `region_name` FROM `wd_region` WHERE `id` = null LIMIT 1   [ RunTime:0.0005s ]
SQL: SELECT `region_name` FROM `wd_region` WHERE `id` = null LIMIT 1   [ RunTime:0.0005s ]
SQL: SELECT `region_name` FROM `wd_region` WHERE `id` = null LIMIT 1   [ RunTime:0.0005s ]
SQL: SELECT `region_name` FROM `wd_region` WHERE `id` = null LIMIT 1   [ RunTime:0.0004s ]
SQL: SELECT `region_name` FROM `wd_region` WHERE `id` = null LIMIT 1   [ RunTime:0.0004s ]
SQL: SELECT `region_name` FROM `wd_region` WHERE `id` = null LIMIT 1   [ RunTime:0.0004s ]
SQL: SELECT `region_name` FROM `wd_region` WHERE `id` = null LIMIT 1   [ RunTime:0.0004s ]
SQL: SELECT `region_name` FROM `wd_region` WHERE `id` = null LIMIT 1   [ RunTime:0.0004s ]
SQL: SELECT `region_name` FROM `wd_region` WHERE `id` = null LIMIT 1   [ RunTime:0.0004s ]
SQL: SELECT `region_name` FROM `wd_region` WHERE `id` = null LIMIT 1   [ RunTime:0.0004s ]
SQL: SELECT `region_name` FROM `wd_region` WHERE `id` = null LIMIT 1   [ RunTime:0.0004s ]
SQL: SELECT `region_name` FROM `wd_region` WHERE `id` = null LIMIT 1   [ RunTime:0.0005s ]
SQL: SELECT `region_name` FROM `wd_region` WHERE `id` = null LIMIT 1   [ RunTime:0.0004s ]
SQL: SELECT `region_name` FROM `wd_region` WHERE `id` = null LIMIT 1   [ RunTime:0.0004s ]
SQL: SELECT `region_name` FROM `wd_region` WHERE `id` = null LIMIT 1   [ RunTime:0.0004s ]
SQL: SELECT `region_name` FROM `wd_region` WHERE `id` = null LIMIT 1   [ RunTime:0.0005s ]
SQL: SELECT `region_name` FROM `wd_region` WHERE `id` = null LIMIT 1   [ RunTime:0.0004s ]
SQL: SELECT `region_name` FROM `wd_region` WHERE `id` = null LIMIT 1   [ RunTime:0.0004s ]
SQL: SELECT `region_name` FROM `wd_region` WHERE `id` = null LIMIT 1   [ RunTime:0.0005s ]
SQL: SELECT `region_name` FROM `wd_region` WHERE `id` = null LIMIT 1   [ RunTime:0.0005s ]
SQL: SELECT `region_name` FROM `wd_region` WHERE `id` = null LIMIT 1   [ RunTime:0.0004s ]
SQL: SELECT `region_name` FROM `wd_region` WHERE `id` = null LIMIT 1   [ RunTime:0.0004s ]
SQL: SELECT `region_name` FROM `wd_region` WHERE `id` = null LIMIT 1   [ RunTime:0.0004s ]
SQL: SELECT `region_name` FROM `wd_region` WHERE `id` = null LIMIT 1   [ RunTime:0.0004s ]
SQL: SELECT `region_name` FROM `wd_region` WHERE `id` = null LIMIT 1   [ RunTime:0.0004s ]
SQL: SELECT `region_name` FROM `wd_region` WHERE `id` = null LIMIT 1   [ RunTime:0.0005s ]
SQL: SELECT `region_name` FROM `wd_region` WHERE `id` = null LIMIT 1   [ RunTime:0.0006s ]
SQL: SELECT `region_name` FROM `wd_region` WHERE `id` = null LIMIT 1   [ RunTime:0.0006s ]
SQL: SELECT `region_name` FROM `wd_region` WHERE `id` = null LIMIT 1   [ RunTime:0.0006s ]
SQL: SELECT `region_name` FROM `wd_region` WHERE `id` = null LIMIT 1   [ RunTime:0.0005s ]
SQL: SELECT `region_name` FROM `wd_region` WHERE `id` = null LIMIT 1   [ RunTime:0.0006s ]
SQL: SELECT `region_name` FROM `wd_region` WHERE `id` = null LIMIT 1   [ RunTime:0.0007s ]
SQL: SELECT `region_name` FROM `wd_region` WHERE `id` = null LIMIT 1   [ RunTime:0.0005s ]
SQL: SELECT `region_name` FROM `wd_region` WHERE `id` = null LIMIT 1   [ RunTime:0.0005s ]
SQL: SELECT `region_name` FROM `wd_region` WHERE `id` = null LIMIT 1   [ RunTime:0.0005s ]
SQL: SELECT `region_name` FROM `wd_region` WHERE `id` = null LIMIT 1   [ RunTime:0.0004s ]
SQL: SELECT `region_name` FROM `wd_region` WHERE `id` = null LIMIT 1   [ RunTime:0.0004s ]
SQL: SELECT `region_name` FROM `wd_region` WHERE `id` = null LIMIT 1   [ RunTime:0.0004s ]
SQL: SELECT `region_name` FROM `wd_region` WHERE `id` = null LIMIT 1   [ RunTime:0.0018s ]
SQL: SELECT `region_name` FROM `wd_region` WHERE `id` = null LIMIT 1   [ RunTime:0.0010s ]
SQL: SELECT `region_name` FROM `wd_region` WHERE `id` = null LIMIT 1   [ RunTime:0.0008s ]
SQL: SELECT `region_name` FROM `wd_region` WHERE `id` = null LIMIT 1   [ RunTime:0.0007s ]

[ 2018-01-04T17:55:51+08:00 ] 192.168.47.1 /Admin/Credit/creditSetting.html
SQL: SHOW COLUMNS FROM `wd_config` [ RunTime:0.0013s ]
SQL: SELECT `config_sign`,`config_value` FROM `wd_config`  [ RunTime:0.0010s ]
SQL: SHOW COLUMNS FROM `wd_admin_auth_group_access` [ RunTime:0.0012s ]
SQL: SELECT `uid`,`group_id`,`title`,`rules` FROM wd_admin_auth_group_access a INNER JOIN wd_admin_auth_group g on a.group_id=g.id  WHERE ( a.uid='1' and g.status='1' )  [ RunTime:0.0008s ]
SQL: SHOW COLUMNS FROM `wd_admin_auth_rule` [ RunTime:0.0013s ]
SQL: SELECT `condition`,`name` FROM `wd_admin_auth_rule` WHERE `status` = 1 ORDER BY sort DESC  [ RunTime:0.0019s ]
SQL: SHOW COLUMNS FROM `wd_admin` [ RunTime:0.0013s ]
SQL: SELECT * FROM `wd_admin` WHERE `id` = '1' LIMIT 1   [ RunTime:0.0007s ]
SQL: SELECT * FROM `wd_config`  [ RunTime:0.0012s ]

[ 2018-01-04T17:55:52+08:00 ] 192.168.47.1 /Admin/Point/pointGoodsList.html
SQL: SHOW COLUMNS FROM `wd_config` [ RunTime:0.0013s ]
SQL: SELECT `config_sign`,`config_value` FROM `wd_config`  [ RunTime:0.0008s ]
SQL: SHOW COLUMNS FROM `wd_admin_auth_group_access` [ RunTime:0.0013s ]
SQL: SELECT `uid`,`group_id`,`title`,`rules` FROM wd_admin_auth_group_access a INNER JOIN wd_admin_auth_group g on a.group_id=g.id  WHERE ( a.uid='1' and g.status='1' )  [ RunTime:0.0009s ]
SQL: SHOW COLUMNS FROM `wd_admin_auth_rule` [ RunTime:0.0013s ]
SQL: SELECT `condition`,`name` FROM `wd_admin_auth_rule` WHERE `status` = 1 ORDER BY sort DESC  [ RunTime:0.0029s ]
SQL: SHOW COLUMNS FROM `wd_admin` [ RunTime:0.0020s ]
SQL: SELECT * FROM `wd_admin` WHERE `id` = '1' LIMIT 1   [ RunTime:0.0014s ]
SQL: SHOW COLUMNS FROM `wd_goods` [ RunTime:0.0027s ]
SQL: SELECT COUNT(*) AS tp_count FROM `wd_goods` WHERE `goods_type` = 1 LIMIT 1   [ RunTime:0.0006s ]
SQL: SELECT * FROM `wd_goods` WHERE `goods_type` = 1 ORDER BY `id` DESC LIMIT 0,25   [ RunTime:0.0013s ]
SQL: SHOW COLUMNS FROM `wd_user_collect` [ RunTime:0.0012s ]
SQL: SHOW COLUMNS FROM `wd_agent` [ RunTime:0.0030s ]
SQL: SELECT `agent_name` FROM `wd_agent` WHERE `id` = '0' LIMIT 1   [ RunTime:0.0007s ]
SQL: SELECT COUNT(*) AS tp_count FROM `wd_user_collect` WHERE `goods_id` = '8' LIMIT 1   [ RunTime:0.0006s ]
SQL: SELECT `agent_name` FROM `wd_agent` WHERE `id` = '0' LIMIT 1   [ RunTime:0.0005s ]
SQL: SELECT COUNT(*) AS tp_count FROM `wd_user_collect` WHERE `goods_id` = '7' LIMIT 1   [ RunTime:0.0006s ]

[ 2018-01-04T17:55:52+08:00 ] 192.168.47.1 /Admin/Agent/checkAgentList.html
SQL: SHOW COLUMNS FROM `wd_config` [ RunTime:0.0014s ]
SQL: SELECT `config_sign`,`config_value` FROM `wd_config`  [ RunTime:0.0008s ]
SQL: SHOW COLUMNS FROM `wd_admin_auth_group_access` [ RunTime:0.0012s ]
SQL: SELECT `uid`,`group_id`,`title`,`rules` FROM wd_admin_auth_group_access a INNER JOIN wd_admin_auth_group g on a.group_id=g.id  WHERE ( a.uid='1' and g.status='1' )  [ RunTime:0.0009s ]
SQL: SHOW COLUMNS FROM `wd_admin_auth_rule` [ RunTime:0.0024s ]
SQL: SELECT `condition`,`name` FROM `wd_admin_auth_rule` WHERE `status` = 1 ORDER BY sort DESC  [ RunTime:0.0028s ]
SQL: SHOW COLUMNS FROM `wd_admin` [ RunTime:0.0016s ]
SQL: SELECT * FROM `wd_admin` WHERE `id` = '1' LIMIT 1   [ RunTime:0.0007s ]
SQL: SHOW COLUMNS FROM `wd_agent_category` [ RunTime:0.0014s ]
SQL: SHOW COLUMNS FROM `wd_agent_category_relevance` [ RunTime:0.0012s ]
SQL: SELECT COUNT(*) AS `count` 
                FROM `wd_agent` AS `a` 
                LEFT JOIN `wd_user` AS `u` ON `a`.`user_id` = `u`.`id` 
                WHERE 1 AND `a`.`status` != '1' [ RunTime:0.0008s ]
SQL: SELECT `a`.*, `u`.`nickname` 
                FROM `wd_agent` AS `a` 
                LEFT JOIN `wd_user` AS `u` ON `a`.`user_id` = `u`.`id` 
                WHERE 1 AND `a`.`status` != '1' 
                ORDER BY `a`.`id` DESC 
                LIMIT 0 , 25 [ RunTime:0.0018s ]
SQL: SELECT * FROM `wd_agent_category_relevance` WHERE `agent_id` = '28'  [ RunTime:0.0006s ]
SQL: SELECT * FROM `wd_agent_category_relevance` WHERE `agent_id` = '26'  [ RunTime:0.0007s ]
SQL: SELECT * FROM `wd_agent_category_relevance` WHERE `agent_id` = '25'  [ RunTime:0.0009s ]
SQL: SELECT * FROM `wd_agent_category_relevance` WHERE `agent_id` = '24'  [ RunTime:0.0006s ]
SQL: SELECT * FROM `wd_agent_category_relevance` WHERE `agent_id` = '23'  [ RunTime:0.0006s ]
SQL: SELECT * FROM `wd_agent_category_relevance` WHERE `agent_id` = '22'  [ RunTime:0.0007s ]
SQL: SELECT * FROM `wd_agent_category_relevance` WHERE `agent_id` = '21'  [ RunTime:0.0006s ]
SQL: SELECT * FROM `wd_agent_category_relevance` WHERE `agent_id` = '20'  [ RunTime:0.0006s ]
SQL: SELECT * FROM `wd_agent_category_relevance` WHERE `agent_id` = '19'  [ RunTime:0.0005s ]
SQL: SELECT * FROM `wd_agent_category_relevance` WHERE `agent_id` = '18'  [ RunTime:0.0006s ]
SQL: SELECT * FROM `wd_agent_category_relevance` WHERE `agent_id` = '17'  [ RunTime:0.0006s ]
SQL: SELECT * FROM `wd_agent_category_relevance` WHERE `agent_id` = '16'  [ RunTime:0.0006s ]
SQL: SELECT * FROM `wd_agent_category_relevance` WHERE `agent_id` = '15'  [ RunTime:0.0005s ]
SQL: SELECT * FROM `wd_agent_category_relevance` WHERE `agent_id` = '14'  [ RunTime:0.0005s ]
SQL: SELECT * FROM `wd_agent_category_relevance` WHERE `agent_id` = '13'  [ RunTime:0.0006s ]
SQL: SELECT `category_name` FROM `wd_agent_category` WHERE `id` IN ('8','6','7')  [ RunTime:0.0005s ]
SQL: SELECT * FROM `wd_agent_category_relevance` WHERE `agent_id` = '12'  [ RunTime:0.0005s ]
SQL: SELECT `category_name` FROM `wd_agent_category` WHERE `id` IN ('9')  [ RunTime:0.0004s ]
SQL: SELECT * FROM `wd_agent_category_relevance` WHERE `agent_id` = '11'  [ RunTime:0.0005s ]
SQL: SELECT `category_name` FROM `wd_agent_category` WHERE `id` IN ('9')  [ RunTime:0.0004s ]
SQL: SELECT * FROM `wd_agent_category_relevance` WHERE `agent_id` = '10'  [ RunTime:0.0005s ]
SQL: SELECT `category_name` FROM `wd_agent_category` WHERE `id` IN ('8')  [ RunTime:0.0004s ]
SQL: SELECT * FROM `wd_agent_category_relevance` WHERE `agent_id` = '9'  [ RunTime:0.0005s ]
SQL: SELECT `category_name` FROM `wd_agent_category` WHERE `id` IN ('8')  [ RunTime:0.0004s ]
SQL: SELECT * FROM `wd_agent_category_relevance` WHERE `agent_id` = '8'  [ RunTime:0.0005s ]
SQL: SELECT `category_name` FROM `wd_agent_category` WHERE `id` IN ('8')  [ RunTime:0.0004s ]
SQL: SELECT * FROM `wd_agent_category_relevance` WHERE `agent_id` = '7'  [ RunTime:0.0005s ]
SQL: SELECT `category_name` FROM `wd_agent_category` WHERE `id` IN ('8')  [ RunTime:0.0020s ]
SQL: SELECT * FROM `wd_agent_category_relevance` WHERE `agent_id` = '5'  [ RunTime:0.0024s ]
SQL: SELECT `category_name` FROM `wd_agent_category` WHERE `id` IN ('6')  [ RunTime:0.0007s ]
SQL: SELECT * FROM `wd_agent_category_relevance` WHERE `agent_id` = '4'  [ RunTime:0.0008s ]
SQL: SELECT `category_name` FROM `wd_agent_category` WHERE `id` IN ('6')  [ RunTime:0.0005s ]
SQL: SELECT * FROM `wd_agent_category_relevance` WHERE `agent_id` = '3'  [ RunTime:0.0006s ]
SQL: SELECT `category_name` FROM `wd_agent_category` WHERE `id` IN ('6')  [ RunTime:0.0005s ]
SQL: SELECT * FROM `wd_agent_category_relevance` WHERE `agent_id` = '2'  [ RunTime:0.0005s ]
SQL: SELECT `category_name` FROM `wd_agent_category` WHERE `id` IN ('6')  [ RunTime:0.0005s ]
SQL: SELECT * FROM `wd_agent_category`  [ RunTime:0.0009s ]

[ 2018-01-04T17:55:55+08:00 ] 192.168.47.1 /Admin/System/setting.html
SQL: SHOW COLUMNS FROM `wd_config` [ RunTime:0.0015s ]
SQL: SELECT `config_sign`,`config_value` FROM `wd_config`  [ RunTime:0.0009s ]
SQL: SHOW COLUMNS FROM `wd_admin_auth_group_access` [ RunTime:0.0020s ]
SQL: SELECT `uid`,`group_id`,`title`,`rules` FROM wd_admin_auth_group_access a INNER JOIN wd_admin_auth_group g on a.group_id=g.id  WHERE ( a.uid='1' and g.status='1' )  [ RunTime:0.0014s ]
SQL: SHOW COLUMNS FROM `wd_admin_auth_rule` [ RunTime:0.0022s ]
SQL: SELECT `condition`,`name` FROM `wd_admin_auth_rule` WHERE `status` = 1 ORDER BY sort DESC  [ RunTime:0.0018s ]
SQL: SHOW COLUMNS FROM `wd_admin` [ RunTime:0.0013s ]
SQL: SELECT * FROM `wd_admin` WHERE `id` = '1' LIMIT 1   [ RunTime:0.0007s ]
SQL: SELECT * FROM `wd_config`  [ RunTime:0.0011s ]

[ 2018-01-04T17:55:57+08:00 ] 192.168.47.1 /Admin/Agent/checkAgentList.html
SQL: SHOW COLUMNS FROM `wd_config` [ RunTime:0.0015s ]
SQL: SELECT `config_sign`,`config_value` FROM `wd_config`  [ RunTime:0.0010s ]
SQL: SHOW COLUMNS FROM `wd_admin_auth_group_access` [ RunTime:0.0013s ]
SQL: SELECT `uid`,`group_id`,`title`,`rules` FROM wd_admin_auth_group_access a INNER JOIN wd_admin_auth_group g on a.group_id=g.id  WHERE ( a.uid='1' and g.status='1' )  [ RunTime:0.0009s ]
SQL: SHOW COLUMNS FROM `wd_admin_auth_rule` [ RunTime:0.0014s ]
SQL: SELECT `condition`,`name` FROM `wd_admin_auth_rule` WHERE `status` = 1 ORDER BY sort DESC  [ RunTime:0.0015s ]
SQL: SHOW COLUMNS FROM `wd_admin` [ RunTime:0.0018s ]
SQL: SELECT * FROM `wd_admin` WHERE `id` = '1' LIMIT 1   [ RunTime:0.0008s ]
SQL: SHOW COLUMNS FROM `wd_agent_category` [ RunTime:0.0015s ]
SQL: SHOW COLUMNS FROM `wd_agent_category_relevance` [ RunTime:0.0013s ]
SQL: SELECT COUNT(*) AS `count` 
                FROM `wd_agent` AS `a` 
                LEFT JOIN `wd_user` AS `u` ON `a`.`user_id` = `u`.`id` 
                WHERE 1 AND `a`.`status` != '1' [ RunTime:0.0008s ]
SQL: SELECT `a`.*, `u`.`nickname` 
                FROM `wd_agent` AS `a` 
                LEFT JOIN `wd_user` AS `u` ON `a`.`user_id` = `u`.`id` 
                WHERE 1 AND `a`.`status` != '1' 
                ORDER BY `a`.`id` DESC 
                LIMIT 0 , 25 [ RunTime:0.0032s ]
SQL: SELECT * FROM `wd_agent_category_relevance` WHERE `agent_id` = '28'  [ RunTime:0.0008s ]
SQL: SELECT * FROM `wd_agent_category_relevance` WHERE `agent_id` = '26'  [ RunTime:0.0007s ]
SQL: SELECT * FROM `wd_agent_category_relevance` WHERE `agent_id` = '25'  [ RunTime:0.0007s ]
SQL: SELECT * FROM `wd_agent_category_relevance` WHERE `agent_id` = '24'  [ RunTime:0.0006s ]
SQL: SELECT * FROM `wd_agent_category_relevance` WHERE `agent_id` = '23'  [ RunTime:0.0006s ]
SQL: SELECT * FROM `wd_agent_category_relevance` WHERE `agent_id` = '22'  [ RunTime:0.0006s ]
SQL: SELECT * FROM `wd_agent_category_relevance` WHERE `agent_id` = '21'  [ RunTime:0.0005s ]
SQL: SELECT * FROM `wd_agent_category_relevance` WHERE `agent_id` = '20'  [ RunTime:0.0005s ]
SQL: SELECT * FROM `wd_agent_category_relevance` WHERE `agent_id` = '19'  [ RunTime:0.0005s ]
SQL: SELECT * FROM `wd_agent_category_relevance` WHERE `agent_id` = '18'  [ RunTime:0.0020s ]
SQL: SELECT * FROM `wd_agent_category_relevance` WHERE `agent_id` = '17'  [ RunTime:0.0011s ]
SQL: SELECT * FROM `wd_agent_category_relevance` WHERE `agent_id` = '16'  [ RunTime:0.0006s ]
SQL: SELECT * FROM `wd_agent_category_relevance` WHERE `agent_id` = '15'  [ RunTime:0.0007s ]
SQL: SELECT * FROM `wd_agent_category_relevance` WHERE `agent_id` = '14'  [ RunTime:0.0007s ]
SQL: SELECT * FROM `wd_agent_category_relevance` WHERE `agent_id` = '13'  [ RunTime:0.0009s ]
SQL: SELECT `category_name` FROM `wd_agent_category` WHERE `id` IN ('8','6','7')  [ RunTime:0.0006s ]
SQL: SELECT * FROM `wd_agent_category_relevance` WHERE `agent_id` = '12'  [ RunTime:0.0007s ]
SQL: SELECT `category_name` FROM `wd_agent_category` WHERE `id` IN ('9')  [ RunTime:0.0006s ]
SQL: SELECT * FROM `wd_agent_category_relevance` WHERE `agent_id` = '11'  [ RunTime:0.0005s ]
SQL: SELECT `category_name` FROM `wd_agent_category` WHERE `id` IN ('9')  [ RunTime:0.0005s ]
SQL: SELECT * FROM `wd_agent_category_relevance` WHERE `agent_id` = '10'  [ RunTime:0.0005s ]
SQL: SELECT `category_name` FROM `wd_agent_category` WHERE `id` IN ('8')  [ RunTime:0.0004s ]
SQL: SELECT * FROM `wd_agent_category_relevance` WHERE `agent_id` = '9'  [ RunTime:0.0005s ]
SQL: SELECT `category_name` FROM `wd_agent_category` WHERE `id` IN ('8')  [ RunTime:0.0004s ]
SQL: SELECT * FROM `wd_agent_category_relevance` WHERE `agent_id` = '8'  [ RunTime:0.0004s ]
SQL: SELECT `category_name` FROM `wd_agent_category` WHERE `id` IN ('8')  [ RunTime:0.0004s ]
SQL: SELECT * FROM `wd_agent_category_relevance` WHERE `agent_id` = '7'  [ RunTime:0.0005s ]
SQL: SELECT `category_name` FROM `wd_agent_category` WHERE `id` IN ('8')  [ RunTime:0.0005s ]
SQL: SELECT * FROM `wd_agent_category_relevance` WHERE `agent_id` = '5'  [ RunTime:0.0005s ]
SQL: SELECT `category_name` FROM `wd_agent_category` WHERE `id` IN ('6')  [ RunTime:0.0004s ]
SQL: SELECT * FROM `wd_agent_category_relevance` WHERE `agent_id` = '4'  [ RunTime:0.0005s ]
SQL: SELECT `category_name` FROM `wd_agent_category` WHERE `id` IN ('6')  [ RunTime:0.0004s ]
SQL: SELECT * FROM `wd_agent_category_relevance` WHERE `agent_id` = '3'  [ RunTime:0.0006s ]
SQL: SELECT `category_name` FROM `wd_agent_category` WHERE `id` IN ('6')  [ RunTime:0.0008s ]
SQL: SELECT * FROM `wd_agent_category_relevance` WHERE `agent_id` = '2'  [ RunTime:0.0005s ]
SQL: SELECT `category_name` FROM `wd_agent_category` WHERE `id` IN ('6')  [ RunTime:0.0004s ]
SQL: SELECT * FROM `wd_agent_category`  [ RunTime:0.0007s ]

[ 2018-01-04T17:56:03+08:00 ] 192.168.47.1 /Admin/Admin/adminList.html
SQL: SHOW COLUMNS FROM `wd_config` [ RunTime:0.0014s ]
SQL: SELECT `config_sign`,`config_value` FROM `wd_config`  [ RunTime:0.0008s ]
SQL: SHOW COLUMNS FROM `wd_admin_auth_group_access` [ RunTime:0.0012s ]
SQL: SELECT `uid`,`group_id`,`title`,`rules` FROM wd_admin_auth_group_access a INNER JOIN wd_admin_auth_group g on a.group_id=g.id  WHERE ( a.uid='1' and g.status='1' )  [ RunTime:0.0008s ]
SQL: SHOW COLUMNS FROM `wd_admin_auth_rule` [ RunTime:0.0013s ]
SQL: SELECT `condition`,`name` FROM `wd_admin_auth_rule` WHERE `status` = 1 ORDER BY sort DESC  [ RunTime:0.0021s ]
SQL: SHOW COLUMNS FROM `wd_admin` [ RunTime:0.0013s ]
SQL: SELECT * FROM `wd_admin` WHERE `id` = '1' LIMIT 1   [ RunTime:0.0008s ]
SQL: SHOW COLUMNS FROM `wd_admin` [ RunTime:0.0013s ]
SQL: SHOW COLUMNS FROM `wd_admin` [ RunTime:0.0012s ]
SQL: SELECT COUNT(*) AS tp_count FROM `wd_admin` LIMIT 1   [ RunTime:0.0005s ]
SQL: SELECT a.id, a.admin_account, a.is_lock, a.add_time, ag.title FROM wd_admin AS a LEFT JOIN wd_admin_auth_group_access AS aga ON a.id = aga.uid LEFT JOIN wd_admin_auth_group AS ag ON aga.group_id = ag.id ORDER BY a.id DESC LIMIT 0, 25 [ RunTime:0.0008s ]

[ 2018-01-04T17:56:07+08:00 ] 192.168.47.1 /Admin/Article/index.html
SQL: SHOW COLUMNS FROM `wd_config` [ RunTime:0.0013s ]
SQL: SELECT `config_sign`,`config_value` FROM `wd_config`  [ RunTime:0.0008s ]
SQL: SHOW COLUMNS FROM `wd_admin_auth_group_access` [ RunTime:0.0012s ]
SQL: SELECT `uid`,`group_id`,`title`,`rules` FROM wd_admin_auth_group_access a INNER JOIN wd_admin_auth_group g on a.group_id=g.id  WHERE ( a.uid='1' and g.status='1' )  [ RunTime:0.0009s ]
SQL: SHOW COLUMNS FROM `wd_admin_auth_rule` [ RunTime:0.0013s ]
SQL: SELECT `condition`,`name` FROM `wd_admin_auth_rule` WHERE `status` = 1 ORDER BY sort DESC  [ RunTime:0.0016s ]
SQL: SHOW COLUMNS FROM `wd_admin` [ RunTime:0.0015s ]
SQL: SELECT * FROM `wd_admin` WHERE `id` = '1' LIMIT 1   [ RunTime:0.0008s ]
SQL: SHOW COLUMNS FROM `wd_article` [ RunTime:0.0014s ]
SQL: SELECT COUNT(*) AS tp_count FROM `wd_article` LIMIT 1   [ RunTime:0.0005s ]
SQL: SELECT * FROM `wd_article` LIMIT 0,15   [ RunTime:0.0011s ]

[ 2018-01-04T17:56:09+08:00 ] 192.168.47.1 /Admin/User/userList.html
SQL: SHOW COLUMNS FROM `wd_config` [ RunTime:0.0013s ]
SQL: SELECT `config_sign`,`config_value` FROM `wd_config`  [ RunTime:0.0008s ]
SQL: SHOW COLUMNS FROM `wd_admin_auth_group_access` [ RunTime:0.0012s ]
SQL: SELECT `uid`,`group_id`,`title`,`rules` FROM wd_admin_auth_group_access a INNER JOIN wd_admin_auth_group g on a.group_id=g.id  WHERE ( a.uid='1' and g.status='1' )  [ RunTime:0.0009s ]
SQL: SHOW COLUMNS FROM `wd_admin_auth_rule` [ RunTime:0.0013s ]
SQL: SELECT `condition`,`name` FROM `wd_admin_auth_rule` WHERE `status` = 1 ORDER BY sort DESC  [ RunTime:0.0029s ]
SQL: SHOW COLUMNS FROM `wd_admin` [ RunTime:0.0024s ]
SQL: SELECT * FROM `wd_admin` WHERE `id` = '1' LIMIT 1   [ RunTime:0.0017s ]
SQL: SHOW COLUMNS FROM `wd_order` [ RunTime:0.0027s ]
SQL: SHOW COLUMNS FROM `wd_user` [ RunTime:0.0019s ]
SQL: SELECT COUNT(*) AS tp_count FROM `wd_user` LIMIT 1   [ RunTime:0.0006s ]
SQL: SELECT * FROM `wd_user` ORDER BY `id` DESC LIMIT 0,25   [ RunTime:0.0016s ]

[ 2018-01-04T17:56:20+08:00 ] 192.168.47.1 /Admin/User/agentList.html
SQL: SHOW COLUMNS FROM `wd_config` [ RunTime:0.0016s ]
SQL: SELECT `config_sign`,`config_value` FROM `wd_config`  [ RunTime:0.0022s ]
SQL: SHOW COLUMNS FROM `wd_admin_auth_group_access` [ RunTime:0.0013s ]
SQL: SELECT `uid`,`group_id`,`title`,`rules` FROM wd_admin_auth_group_access a INNER JOIN wd_admin_auth_group g on a.group_id=g.id  WHERE ( a.uid='1' and g.status='1' )  [ RunTime:0.0009s ]
SQL: SHOW COLUMNS FROM `wd_admin_auth_rule` [ RunTime:0.0014s ]
SQL: SELECT `condition`,`name` FROM `wd_admin_auth_rule` WHERE `status` = 1 ORDER BY sort DESC  [ RunTime:0.0020s ]
SQL: SHOW COLUMNS FROM `wd_admin` [ RunTime:0.0014s ]
SQL: SELECT * FROM `wd_admin` WHERE `id` = '1' LIMIT 1   [ RunTime:0.0010s ]
SQL: SHOW COLUMNS FROM `wd_agent_category` [ RunTime:0.0018s ]
SQL: SHOW COLUMNS FROM `wd_agent_category_relevance` [ RunTime:0.0011s ]
SQL: SELECT count(*) AS `count`
                FROM `wd_agent` AS `a` 
                LEFT JOIN `wd_user` AS `u` ON `u`.`id` = `a`.`user_id` 
                WHERE 1 [ RunTime:0.0008s ]
SQL: SELECT `a`.`id`, `a`.`is_on_sale`, `a`.`agent_name`, `a`.`address`, `a`.`manager`, `a`.`goods_number`, `u`.`username`, `u`.`order_number`, `u`.`add_time`,`u`.`last_login_time` 
                FROM `wd_agent` AS `a`  
                LEFT JOIN `wd_user` AS `u` ON `u`.`id` = `a`.`user_id`
                WHERE 1 
                ORDER BY `a`.`id` DESC 
                LIMIT 0, 25 [ RunTime:0.0014s ]
SQL: SELECT * FROM `wd_agent_category_relevance` WHERE `agent_id` = '40'  [ RunTime:0.0006s ]
SQL: SELECT `category_name` FROM `wd_agent_category` WHERE `id` IN ('7','8','6')  [ RunTime:0.0005s ]
SQL: SELECT * FROM `wd_agent_category_relevance` WHERE `agent_id` = '39'  [ RunTime:0.0006s ]
SQL: SELECT `category_name` FROM `wd_agent_category` WHERE `id` IN ('7','6','8')  [ RunTime:0.0006s ]
SQL: SELECT * FROM `wd_agent_category_relevance` WHERE `agent_id` = '38'  [ RunTime:0.0006s ]
SQL: SELECT `category_name` FROM `wd_agent_category` WHERE `id` IN ('7','8','6')  [ RunTime:0.0005s ]
SQL: SELECT * FROM `wd_agent_category_relevance` WHERE `agent_id` = '37'  [ RunTime:0.0006s ]
SQL: SELECT `category_name` FROM `wd_agent_category` WHERE `id` IN ('6','22','24')  [ RunTime:0.0005s ]
SQL: SELECT * FROM `wd_agent_category_relevance` WHERE `agent_id` = '36'  [ RunTime:0.0005s ]
SQL: SELECT `category_name` FROM `wd_agent_category` WHERE `id` IN ('0','0','0')  [ RunTime:0.0004s ]
SQL: SELECT * FROM `wd_agent_category_relevance` WHERE `agent_id` = '35'  [ RunTime:0.0005s ]
SQL: SELECT `category_name` FROM `wd_agent_category` WHERE `id` IN ('0','0','0')  [ RunTime:0.0005s ]
SQL: SELECT * FROM `wd_agent_category_relevance` WHERE `agent_id` = '34'  [ RunTime:0.0005s ]
SQL: SELECT `category_name` FROM `wd_agent_category` WHERE `id` IN ('0','0','0')  [ RunTime:0.0005s ]
SQL: SELECT * FROM `wd_agent_category_relevance` WHERE `agent_id` = '33'  [ RunTime:0.0005s ]
SQL: SELECT `category_name` FROM `wd_agent_category` WHERE `id` IN ('0','0','0')  [ RunTime:0.0005s ]
SQL: SELECT * FROM `wd_agent_category_relevance` WHERE `agent_id` = '32'  [ RunTime:0.0006s ]
SQL: SELECT `category_name` FROM `wd_agent_category` WHERE `id` IN ('24','22','23')  [ RunTime:0.0007s ]
SQL: SELECT * FROM `wd_agent_category_relevance` WHERE `agent_id` = '31'  [ RunTime:0.0006s ]
SQL: SELECT * FROM `wd_agent_category_relevance` WHERE `agent_id` = '30'  [ RunTime:0.0005s ]
SQL: SELECT * FROM `wd_agent_category_relevance` WHERE `agent_id` = '29'  [ RunTime:0.0006s ]
SQL: SELECT * FROM `wd_agent_category_relevance` WHERE `agent_id` = '28'  [ RunTime:0.0005s ]
SQL: SELECT * FROM `wd_agent_category_relevance` WHERE `agent_id` = '27'  [ RunTime:0.0005s ]
SQL: SELECT * FROM `wd_agent_category_relevance` WHERE `agent_id` = '26'  [ RunTime:0.0005s ]
SQL: SELECT * FROM `wd_agent_category_relevance` WHERE `agent_id` = '25'  [ RunTime:0.0005s ]
SQL: SELECT * FROM `wd_agent_category_relevance` WHERE `agent_id` = '24'  [ RunTime:0.0004s ]
SQL: SELECT * FROM `wd_agent_category_relevance` WHERE `agent_id` = '23'  [ RunTime:0.0004s ]
SQL: SELECT * FROM `wd_agent_category_relevance` WHERE `agent_id` = '22'  [ RunTime:0.0004s ]
SQL: SELECT * FROM `wd_agent_category_relevance` WHERE `agent_id` = '21'  [ RunTime:0.0004s ]
SQL: SELECT * FROM `wd_agent_category_relevance` WHERE `agent_id` = '20'  [ RunTime:0.0004s ]
SQL: SELECT * FROM `wd_agent_category_relevance` WHERE `agent_id` = '19'  [ RunTime:0.0005s ]
SQL: SELECT * FROM `wd_agent_category_relevance` WHERE `agent_id` = '18'  [ RunTime:0.0004s ]
SQL: SELECT * FROM `wd_agent_category_relevance` WHERE `agent_id` = '17'  [ RunTime:0.0004s ]
SQL: SELECT * FROM `wd_agent_category_relevance` WHERE `agent_id` = '16'  [ RunTime:0.0005s ]
SQL: SELECT * FROM `wd_agent_category`  [ RunTime:0.0011s ]

[ 2018-01-04T17:56:23+08:00 ] 192.168.47.1 /Admin/AgentCategory/agentCategory.html
SQL: SHOW COLUMNS FROM `wd_config` [ RunTime:0.0014s ]
SQL: SELECT `config_sign`,`config_value` FROM `wd_config`  [ RunTime:0.0009s ]
SQL: SHOW COLUMNS FROM `wd_admin_auth_group_access` [ RunTime:0.0012s ]
SQL: SELECT `uid`,`group_id`,`title`,`rules` FROM wd_admin_auth_group_access a INNER JOIN wd_admin_auth_group g on a.group_id=g.id  WHERE ( a.uid='1' and g.status='1' )  [ RunTime:0.0009s ]
SQL: SHOW COLUMNS FROM `wd_admin_auth_rule` [ RunTime:0.0027s ]
SQL: SELECT `condition`,`name` FROM `wd_admin_auth_rule` WHERE `status` = 1 ORDER BY sort DESC  [ RunTime:0.0019s ]
SQL: SHOW COLUMNS FROM `wd_admin` [ RunTime:0.0016s ]
SQL: SELECT * FROM `wd_admin` WHERE `id` = '1' LIMIT 1   [ RunTime:0.0008s ]
SQL: SHOW COLUMNS FROM `wd_agent_category_relevance` [ RunTime:0.0012s ]
SQL: SHOW COLUMNS FROM `wd_agent_category` [ RunTime:0.0013s ]
SQL: SELECT COUNT(*) AS tp_count FROM `wd_agent_category` LIMIT 1   [ RunTime:0.0005s ]
SQL: SELECT `id`,`category_name`,`app_icon`,`pid`,`sort` FROM `wd_agent_category` LIMIT 0,25   [ RunTime:0.0008s ]
SQL: SELECT COUNT(*) AS tp_count FROM `wd_agent_category_relevance` WHERE `category_id` = 6 LIMIT 1   [ RunTime:0.0006s ]
SQL: SELECT COUNT(*) AS tp_count FROM `wd_agent_category_relevance` WHERE `category_id` = 7 LIMIT 1   [ RunTime:0.0005s ]
SQL: SELECT COUNT(*) AS tp_count FROM `wd_agent_category_relevance` WHERE `category_id` = 8 LIMIT 1   [ RunTime:0.0005s ]
SQL: SELECT COUNT(*) AS tp_count FROM `wd_agent_category_relevance` WHERE `category_id` = 9 LIMIT 1   [ RunTime:0.0005s ]
SQL: SELECT COUNT(*) AS tp_count FROM `wd_agent_category_relevance` WHERE `category_id` = 22 LIMIT 1   [ RunTime:0.0005s ]
SQL: SELECT COUNT(*) AS tp_count FROM `wd_agent_category_relevance` WHERE `category_id` = 23 LIMIT 1   [ RunTime:0.0005s ]
SQL: SELECT COUNT(*) AS tp_count FROM `wd_agent_category_relevance` WHERE `category_id` = 24 LIMIT 1   [ RunTime:0.0005s ]
SQL: SELECT COUNT(*) AS tp_count FROM `wd_agent_category_relevance` WHERE `category_id` = 27 LIMIT 1   [ RunTime:0.0006s ]
SQL: SELECT COUNT(*) AS tp_count FROM `wd_agent_category_relevance` WHERE `category_id` = 29 LIMIT 1   [ RunTime:0.0007s ]

